2024.08.31 22:17:34 INFO  Started: Metals version 1.3.5 in folders 'C:\Users\LENOVO\FPFC' for client Visual Studio Code 1.92.2.
2024.08.31 22:17:35 INFO  time: initialize in 0.13s
SLF4J(W): Class path contains multiple SLF4J providers.
SLF4J(W): Found provider [scribe.slf4j.ScribeServiceProvider@2e0cf3b]
SLF4J(W): Found provider [ch.qos.logback.classic.spi.LogbackServiceProvider@6b7f48c]
SLF4J(W): See https://www.slf4j.org/codes.html#multiple_bindings for an explanation.
SLF4J(I): Actual provider is of type [scribe.slf4j.ScribeServiceProvider@2e0cf3b]
2024.08.31 22:17:36 WARN  Flyway upgrade recommended: H2 2.3.230 is newer than this version of Flyway and support has not been tested. The latest supported version of H2 is 2.2.220.
2024.08.31 22:17:40 INFO  no build target found for C:\Users\LENOVO\FPFC\src\main\scala\Recursion\package.scala. Using presentation compiler with project's scala-library version: 3.3.3
2024.08.31 22:19:53 INFO  no build target found for C:\Users\LENOVO\FPFC\src\main\scala\Recursion\package.scala. Using presentation compiler with project's scala-library version: 3.3.3
2024.08.31 22:19:56 INFO  no build target found for C:\Users\LENOVO\FPFC\src\main\scala\Recursion\package.scala. Using presentation compiler with project's scala-library version: 3.3.3
2024.08.31 22:19:56 INFO  no build target found for C:\Users\LENOVO\FPFC\src\main\scala\Recursion\package.scala. Using presentation compiler with project's scala-library version: 3.3.3
2024.08.31 22:19:58 INFO  no build target found for C:\Users\LENOVO\FPFC\src\main\scala\Recursion\package.scala. Using presentation compiler with project's scala-library version: 3.3.3
2024.08.31 22:20:00 INFO  no build target found for C:\Users\LENOVO\FPFC\src\main\scala\Recursion\package.scala. Using presentation compiler with project's scala-library version: 3.3.3
2024.08.31 22:20:02 INFO  no build target found for C:\Users\LENOVO\FPFC\src\main\scala\Recursion\package.scala. Using presentation compiler with project's scala-library version: 3.3.3
2024.08.31 22:20:07 INFO  no build target found for C:\Users\LENOVO\FPFC\src\main\scala\Recursion\package.scala. Using presentation compiler with project's scala-library version: 3.3.3
2024.08.31 22:20:07 INFO  no build target found for C:\Users\LENOVO\FPFC\src\main\scala\Recursion\package.scala. Using presentation compiler with project's scala-library version: 3.3.3
2024.08.31 22:20:08 INFO  no build target found for C:\Users\LENOVO\FPFC\src\main\scala\Recursion\package.scala. Using presentation compiler with project's scala-library version: 3.3.3
2024.08.31 22:20:08 INFO  no build target found for C:\Users\LENOVO\FPFC\src\main\scala\Recursion\package.scala. Using presentation compiler with project's scala-library version: 3.3.3
2024.08.31 22:20:11 INFO  no build target found for C:\Users\LENOVO\FPFC\src\main\scala\Recursion\package.scala. Using presentation compiler with project's scala-library version: 3.3.3
2024.08.31 22:20:15 INFO  no build target found for C:\Users\LENOVO\FPFC\src\main\scala\Recursion\package.scala. Using presentation compiler with project's scala-library version: 3.3.3
2024.09.01 17:09:03 INFO  no build target found for C:\Users\LENOVO\FPFC\src\main\scala\Recursion\package.scala. Using presentation compiler with project's scala-library version: 3.3.3
2024.09.01 17:09:03 INFO  Shutting down server
2024.09.01 17:09:03 INFO  shutting down Metals
2024.09.01 17:09:04 ERROR Unexpected error initializing server: 
org.eclipse.lsp4j.jsonrpc.ResponseErrorException: Request window/showMessageRequest failed with message: Canceled
	at org.eclipse.lsp4j.jsonrpc.RemoteEndpoint.handleResponse(RemoteEndpoint.java:220)
	at org.eclipse.lsp4j.jsonrpc.RemoteEndpoint.consume(RemoteEndpoint.java:204)
	at org.eclipse.lsp4j.jsonrpc.json.StreamMessageProducer.handleMessage(StreamMessageProducer.java:185)
	at org.eclipse.lsp4j.jsonrpc.json.StreamMessageProducer.listen(StreamMessageProducer.java:97)
	at org.eclipse.lsp4j.jsonrpc.json.ConcurrentMessageProcessor.run(ConcurrentMessageProcessor.java:114)
	at java.util.concurrent.Executors$RunnableAdapter.call(Executors.java:539)
	at java.util.concurrent.FutureTask.run(FutureTask.java:264)
	at java.util.concurrent.ThreadPoolExecutor.runWorker(ThreadPoolExecutor.java:1136)
	at java.util.concurrent.ThreadPoolExecutor$Worker.run(ThreadPoolExecutor.java:635)
	at java.lang.Thread.run(Thread.java:833)

2024.09.01 17:09:04 INFO  Exiting server
2024.09.01 17:11:08 INFO  Started: Metals version 1.3.5 in folders 'C:\Users\LENOVO\FPFC' for client Visual Studio Code 1.92.2.
2024.09.01 17:11:09 INFO  time: initialize in 0.85s
SLF4J(W): Class path contains multiple SLF4J providers.
SLF4J(W): Found provider [scribe.slf4j.ScribeServiceProvider@3947ef51]
SLF4J(W): Found provider [ch.qos.logback.classic.spi.LogbackServiceProvider@2b6073a5]
SLF4J(W): See https://www.slf4j.org/codes.html#multiple_bindings for an explanation.
SLF4J(I): Actual provider is of type [scribe.slf4j.ScribeServiceProvider@3947ef51]
2024.09.01 17:11:12 WARN  Flyway upgrade recommended: H2 2.3.230 is newer than this version of Flyway and support has not been tested. The latest supported version of H2 is 2.2.220.
2024.09.01 17:11:16 INFO  no build target found for C:\Users\LENOVO\FPFC\src\main\scala\Recursion\package.scala. Using presentation compiler with project's scala-library version: 3.3.3
2024.09.01 17:29:15 INFO  no build target found for C:\Users\LENOVO\FPFC\src\main\scala\Recursion\package.scala. Using presentation compiler with project's scala-library version: 3.3.3
2024.09.01 17:29:15 INFO  no build target found for C:\Users\LENOVO\FPFC\src\main\scala\Recursion\package.scala. Using presentation compiler with project's scala-library version: 3.3.3
2024.09.01 17:29:15 INFO  no build target found for C:\Users\LENOVO\FPFC\src\main\scala\Recursion\package.scala. Using presentation compiler with project's scala-library version: 3.3.3
2024.09.01 17:29:15 INFO  no build target found for C:\Users\LENOVO\FPFC\src\main\scala\Recursion\package.scala. Using presentation compiler with project's scala-library version: 3.3.3
2024.09.01 17:29:17 INFO  no build target found for C:\Users\LENOVO\FPFC\src\main\scala\Recursion\package.scala. Using presentation compiler with project's scala-library version: 3.3.3
2024.09.01 17:29:17 INFO  no build target found for C:\Users\LENOVO\FPFC\src\main\scala\Recursion\package.scala. Using presentation compiler with project's scala-library version: 3.3.3
2024.09.01 17:29:22 INFO  no build target found for C:\Users\LENOVO\FPFC\src\main\scala\Recursion\package.scala. Using presentation compiler with project's scala-library version: 3.3.3
2024.09.01 17:29:22 INFO  no build target found for C:\Users\LENOVO\FPFC\src\main\scala\Recursion\package.scala. Using presentation compiler with project's scala-library version: 3.3.3
2024.09.01 17:29:22 INFO  no build target found for C:\Users\LENOVO\FPFC\src\main\scala\Recursion\package.scala. Using presentation compiler with project's scala-library version: 3.3.3
2024.09.01 17:29:24 INFO  no build target found for C:\Users\LENOVO\FPFC\src\main\scala\Recursion\package.scala. Using presentation compiler with project's scala-library version: 3.3.3
2024.09.01 17:29:25 INFO  no build target found for C:\Users\LENOVO\FPFC\src\main\scala\Recursion\package.scala. Using presentation compiler with project's scala-library version: 3.3.3
sep. 01, 2024 5:29:25 P. M. org.eclipse.lsp4j.jsonrpc.RemoteEndpoint handleCancellation
ADVERTENCIA: Unmatched cancel notification for request id 38
2024.09.01 17:29:25 INFO  no build target found for C:\Users\LENOVO\FPFC\src\main\scala\Recursion\package.scala. Using presentation compiler with project's scala-library version: 3.3.3
2024.09.01 17:29:26 INFO  no build target found for C:\Users\LENOVO\FPFC\src\main\scala\Recursion\package.scala. Using presentation compiler with project's scala-library version: 3.3.3
2024.09.01 17:29:27 INFO  no build target found for C:\Users\LENOVO\FPFC\src\main\scala\Recursion\package.scala. Using presentation compiler with project's scala-library version: 3.3.3
2024.09.01 17:29:27 INFO  no build target found for C:\Users\LENOVO\FPFC\src\main\scala\Recursion\package.scala. Using presentation compiler with project's scala-library version: 3.3.3
2024.09.01 17:29:27 INFO  no build target found for C:\Users\LENOVO\FPFC\src\main\scala\Recursion\package.scala. Using presentation compiler with project's scala-library version: 3.3.3
2024.09.01 17:29:28 INFO  no build target found for C:\Users\LENOVO\FPFC\src\main\scala\Recursion\package.scala. Using presentation compiler with project's scala-library version: 3.3.3
2024.09.01 17:29:28 INFO  no build target found for C:\Users\LENOVO\FPFC\src\main\scala\Recursion\package.scala. Using presentation compiler with project's scala-library version: 3.3.3
2024.09.01 17:29:28 INFO  no build target found for C:\Users\LENOVO\FPFC\src\main\scala\Recursion\package.scala. Using presentation compiler with project's scala-library version: 3.3.3
2024.09.01 17:29:30 INFO  no build target found for C:\Users\LENOVO\FPFC\src\main\scala\Recursion\package.scala. Using presentation compiler with project's scala-library version: 3.3.3
2024.09.01 17:29:30 INFO  no build target found for C:\Users\LENOVO\FPFC\src\main\scala\Recursion\package.scala. Using presentation compiler with project's scala-library version: 3.3.3
2024.09.01 17:29:31 INFO  no build target found for C:\Users\LENOVO\FPFC\src\main\scala\Recursion\package.scala. Using presentation compiler with project's scala-library version: 3.3.3
2024.09.01 17:29:31 INFO  no build target found for C:\Users\LENOVO\FPFC\src\main\scala\Recursion\package.scala. Using presentation compiler with project's scala-library version: 3.3.3
sep. 01, 2024 5:29:32 P. M. org.eclipse.lsp4j.jsonrpc.RemoteEndpoint handleCancellation
ADVERTENCIA: Unmatched cancel notification for request id 76
2024.09.01 17:29:31 INFO  no build target found for C:\Users\LENOVO\FPFC\src\main\scala\Recursion\package.scala. Using presentation compiler with project's scala-library version: 3.3.3
2024.09.01 17:29:33 INFO  no build target found for C:\Users\LENOVO\FPFC\src\main\scala\Recursion\package.scala. Using presentation compiler with project's scala-library version: 3.3.3
2024.09.01 17:29:40 INFO  no build target found for C:\Users\LENOVO\FPFC\src\main\scala\Recursion\package.scala. Using presentation compiler with project's scala-library version: 3.3.3
2024.09.01 17:29:42 INFO  no build target found for C:\Users\LENOVO\FPFC\src\main\scala\Recursion\package.scala. Using presentation compiler with project's scala-library version: 3.3.3
sep. 01, 2024 5:29:45 P. M. org.eclipse.lsp4j.jsonrpc.RemoteEndpoint handleCancellation
ADVERTENCIA: Unmatched cancel notification for request id 100
2024.09.01 17:29:48 INFO  no build target found for C:\Users\LENOVO\FPFC\src\main\scala\Recursion\package.scala. Using presentation compiler with project's scala-library version: 3.3.3
2024.09.01 17:29:49 INFO  no build target found for C:\Users\LENOVO\FPFC\src\main\scala\Recursion\package.scala. Using presentation compiler with project's scala-library version: 3.3.3
2024.09.01 17:29:54 INFO  no build target found for C:\Users\LENOVO\FPFC\src\main\scala\Recursion\package.scala. Using presentation compiler with project's scala-library version: 3.3.3
2024.09.01 17:29:55 INFO  no build target found for C:\Users\LENOVO\FPFC\src\main\scala\Recursion\package.scala. Using presentation compiler with project's scala-library version: 3.3.3
2024.09.01 17:29:56 INFO  no build target found for C:\Users\LENOVO\FPFC\src\main\scala\Recursion\package.scala. Using presentation compiler with project's scala-library version: 3.3.3
2024.09.01 17:29:56 INFO  no build target found for C:\Users\LENOVO\FPFC\src\main\scala\Recursion\package.scala. Using presentation compiler with project's scala-library version: 3.3.3
2024.09.01 17:29:57 INFO  no build target found for C:\Users\LENOVO\FPFC\src\main\scala\Recursion\package.scala. Using presentation compiler with project's scala-library version: 3.3.3
2024.09.01 17:29:57 INFO  no build target found for C:\Users\LENOVO\FPFC\src\main\scala\Recursion\package.scala. Using presentation compiler with project's scala-library version: 3.3.3
2024.09.01 17:29:59 INFO  no build target found for C:\Users\LENOVO\FPFC\src\main\scala\Recursion\package.scala. Using presentation compiler with project's scala-library version: 3.3.3
2024.09.01 17:29:59 INFO  no build target found for C:\Users\LENOVO\FPFC\src\main\scala\Recursion\package.scala. Using presentation compiler with project's scala-library version: 3.3.3
2024.09.01 17:30:00 INFO  no build target found for C:\Users\LENOVO\FPFC\src\main\scala\Recursion\package.scala. Using presentation compiler with project's scala-library version: 3.3.3
2024.09.01 17:30:00 INFO  no build target found for C:\Users\LENOVO\FPFC\src\main\scala\Recursion\package.scala. Using presentation compiler with project's scala-library version: 3.3.3
2024.09.01 17:30:00 INFO  no build target found for C:\Users\LENOVO\FPFC\src\main\scala\Recursion\package.scala. Using presentation compiler with project's scala-library version: 3.3.3
2024.09.01 17:30:01 INFO  no build target found for C:\Users\LENOVO\FPFC\src\main\scala\Recursion\package.scala. Using presentation compiler with project's scala-library version: 3.3.3
2024.09.01 17:30:00 INFO  no build target found for C:\Users\LENOVO\FPFC\src\main\scala\Recursion\package.scala. Using presentation compiler with project's scala-library version: 3.3.3
2024.09.01 17:30:02 INFO  no build target found for C:\Users\LENOVO\FPFC\src\main\scala\Recursion\package.scala. Using presentation compiler with project's scala-library version: 3.3.3
2024.09.01 17:30:03 INFO  no build target found for C:\Users\LENOVO\FPFC\src\main\scala\Recursion\package.scala. Using presentation compiler with project's scala-library version: 3.3.3
2024.09.01 17:30:03 INFO  no build target found for C:\Users\LENOVO\FPFC\src\main\scala\Recursion\package.scala. Using presentation compiler with project's scala-library version: 3.3.3
2024.09.01 17:30:03 INFO  no build target found for C:\Users\LENOVO\FPFC\src\main\scala\Recursion\package.scala. Using presentation compiler with project's scala-library version: 3.3.3
2024.09.01 17:30:03 INFO  no build target found for C:\Users\LENOVO\FPFC\src\main\scala\Recursion\package.scala. Using presentation compiler with project's scala-library version: 3.3.3
2024.09.01 17:30:03 INFO  no build target found for C:\Users\LENOVO\FPFC\src\main\scala\Recursion\package.scala. Using presentation compiler with project's scala-library version: 3.3.3
sep. 01, 2024 5:30:04 P. M. org.eclipse.lsp4j.jsonrpc.RemoteEndpoint handleCancellation
ADVERTENCIA: Unmatched cancel notification for request id 163
2024.09.01 17:30:04 INFO  no build target found for C:\Users\LENOVO\FPFC\src\main\scala\Recursion\package.scala. Using presentation compiler with project's scala-library version: 3.3.3
sep. 01, 2024 5:30:04 P. M. org.eclipse.lsp4j.jsonrpc.RemoteEndpoint handleCancellation
ADVERTENCIA: Unmatched cancel notification for request id 165
2024.09.01 17:30:04 INFO  no build target found for C:\Users\LENOVO\FPFC\src\main\scala\Recursion\package.scala. Using presentation compiler with project's scala-library version: 3.3.3
2024.09.01 17:30:06 INFO  no build target found for C:\Users\LENOVO\FPFC\src\main\scala\Recursion\package.scala. Using presentation compiler with project's scala-library version: 3.3.3
2024.09.01 17:33:39 INFO  no build target found for C:\Users\LENOVO\FPFC\src\main\scala\Recursion\package.scala. Using presentation compiler with project's scala-library version: 3.3.3
2024.09.01 17:33:40 INFO  no build target found for C:\Users\LENOVO\FPFC\src\main\scala\Recursion\package.scala. Using presentation compiler with project's scala-library version: 3.3.3
2024.09.01 17:33:40 INFO  no build target found for C:\Users\LENOVO\FPFC\src\main\scala\Recursion\package.scala. Using presentation compiler with project's scala-library version: 3.3.3
2024.09.01 17:33:43 INFO  no build target found for C:\Users\LENOVO\FPFC\src\main\scala\Recursion\package.scala. Using presentation compiler with project's scala-library version: 3.3.3
2024.09.01 17:34:26 INFO  no build target found for C:\Users\LENOVO\FPFC\src\main\scala\Recursion\package.scala. Using presentation compiler with project's scala-library version: 3.3.3
sep. 01, 2024 5:34:26 P. M. org.eclipse.lsp4j.jsonrpc.RemoteEndpoint handleCancellation
ADVERTENCIA: Unmatched cancel notification for request id 194
2024.09.01 17:34:27 INFO  no build target found for C:\Users\LENOVO\FPFC\src\main\scala\Recursion\package.scala. Using presentation compiler with project's scala-library version: 3.3.3
2024.09.01 17:34:28 INFO  no build target found for C:\Users\LENOVO\FPFC\src\main\scala\Recursion\package.scala. Using presentation compiler with project's scala-library version: 3.3.3
2024.09.01 17:34:28 INFO  no build target found for C:\Users\LENOVO\FPFC\src\main\scala\Recursion\package.scala. Using presentation compiler with project's scala-library version: 3.3.3
2024.09.01 17:34:28 INFO  no build target found for C:\Users\LENOVO\FPFC\src\main\scala\Recursion\package.scala. Using presentation compiler with project's scala-library version: 3.3.3
2024.09.01 17:34:28 INFO  no build target found for C:\Users\LENOVO\FPFC\src\main\scala\Recursion\package.scala. Using presentation compiler with project's scala-library version: 3.3.3
sep. 01, 2024 5:34:29 P. M. org.eclipse.lsp4j.jsonrpc.RemoteEndpoint handleCancellation
ADVERTENCIA: Unmatched cancel notification for request id 198
2024.09.01 17:34:28 INFO  no build target found for C:\Users\LENOVO\FPFC\src\main\scala\Recursion\package.scala. Using presentation compiler with project's scala-library version: 3.3.3
2024.09.01 17:34:28 INFO  no build target found for C:\Users\LENOVO\FPFC\src\main\scala\Recursion\package.scala. Using presentation compiler with project's scala-library version: 3.3.3
2024.09.01 17:34:28 INFO  no build target found for C:\Users\LENOVO\FPFC\src\main\scala\Recursion\package.scala. Using presentation compiler with project's scala-library version: 3.3.3
sep. 01, 2024 5:34:29 P. M. org.eclipse.lsp4j.jsonrpc.RemoteEndpoint handleCancellation
ADVERTENCIA: Unmatched cancel notification for request id 201
2024.09.01 17:34:28 INFO  no build target found for C:\Users\LENOVO\FPFC\src\main\scala\Recursion\package.scala. Using presentation compiler with project's scala-library version: 3.3.3
sep. 01, 2024 5:34:29 P. M. org.eclipse.lsp4j.jsonrpc.RemoteEndpoint handleCancellation
ADVERTENCIA: Unmatched cancel notification for request id 206
2024.09.01 17:34:28 INFO  no build target found for C:\Users\LENOVO\FPFC\src\main\scala\Recursion\package.scala. Using presentation compiler with project's scala-library version: 3.3.3
2024.09.01 17:34:29 INFO  no build target found for C:\Users\LENOVO\FPFC\src\main\scala\Recursion\package.scala. Using presentation compiler with project's scala-library version: 3.3.3
2024.09.01 17:34:36 INFO  no build target found for C:\Users\LENOVO\FPFC\src\main\scala\Recursion\package.scala. Using presentation compiler with project's scala-library version: 3.3.3
2024.09.01 17:34:37 INFO  no build target found for C:\Users\LENOVO\FPFC\src\main\scala\Recursion\package.scala. Using presentation compiler with project's scala-library version: 3.3.3
sep. 01, 2024 5:34:37 P. M. org.eclipse.lsp4j.jsonrpc.RemoteEndpoint handleCancellation
ADVERTENCIA: Unmatched cancel notification for request id 214
2024.09.01 17:34:37 INFO  no build target found for C:\Users\LENOVO\FPFC\src\main\scala\Recursion\package.scala. Using presentation compiler with project's scala-library version: 3.3.3
2024.09.01 17:34:39 INFO  no build target found for C:\Users\LENOVO\FPFC\src\main\scala\Recursion\package.scala. Using presentation compiler with project's scala-library version: 3.3.3
2024.09.01 17:34:39 INFO  no build target found for C:\Users\LENOVO\FPFC\src\main\scala\Recursion\package.scala. Using presentation compiler with project's scala-library version: 3.3.3
2024.09.01 17:34:39 INFO  no build target found for C:\Users\LENOVO\FPFC\src\main\scala\Recursion\package.scala. Using presentation compiler with project's scala-library version: 3.3.3
sep. 01, 2024 5:34:40 P. M. org.eclipse.lsp4j.jsonrpc.RemoteEndpoint handleCancellation
ADVERTENCIA: Unmatched cancel notification for request id 219
2024.09.01 17:34:39 INFO  no build target found for C:\Users\LENOVO\FPFC\src\main\scala\Recursion\package.scala. Using presentation compiler with project's scala-library version: 3.3.3
2024.09.01 17:34:39 INFO  no build target found for C:\Users\LENOVO\FPFC\src\main\scala\Recursion\package.scala. Using presentation compiler with project's scala-library version: 3.3.3
2024.09.01 17:34:40 INFO  no build target found for C:\Users\LENOVO\FPFC\src\main\scala\Recursion\package.scala. Using presentation compiler with project's scala-library version: 3.3.3
2024.09.01 17:34:41 INFO  no build target found for C:\Users\LENOVO\FPFC\src\main\scala\Recursion\package.scala. Using presentation compiler with project's scala-library version: 3.3.3
2024.09.01 17:34:59 INFO  no build target found for C:\Users\LENOVO\FPFC\src\main\scala\Recursion\package.scala. Using presentation compiler with project's scala-library version: 3.3.3
2024.09.01 17:35:00 INFO  no build target found for C:\Users\LENOVO\FPFC\src\main\scala\Recursion\package.scala. Using presentation compiler with project's scala-library version: 3.3.3
2024.09.01 17:35:01 INFO  no build target found for C:\Users\LENOVO\FPFC\src\main\scala\Recursion\package.scala. Using presentation compiler with project's scala-library version: 3.3.3
2024.09.01 17:35:01 INFO  no build target found for C:\Users\LENOVO\FPFC\src\main\scala\Recursion\package.scala. Using presentation compiler with project's scala-library version: 3.3.3
2024.09.01 17:35:01 INFO  no build target found for C:\Users\LENOVO\FPFC\src\main\scala\Recursion\package.scala. Using presentation compiler with project's scala-library version: 3.3.3
2024.09.01 17:35:05 INFO  no build target found for C:\Users\LENOVO\FPFC\src\main\scala\Recursion\package.scala. Using presentation compiler with project's scala-library version: 3.3.3
2024.09.01 17:35:05 INFO  no build target found for C:\Users\LENOVO\FPFC\src\main\scala\Recursion\package.scala. Using presentation compiler with project's scala-library version: 3.3.3
sep. 01, 2024 5:35:06 P. M. org.eclipse.lsp4j.jsonrpc.RemoteEndpoint handleCancellation
ADVERTENCIA: Unmatched cancel notification for request id 255
2024.09.01 17:35:07 INFO  no build target found for C:\Users\LENOVO\FPFC\src\main\scala\Recursion\package.scala. Using presentation compiler with project's scala-library version: 3.3.3
2024.09.01 17:35:07 INFO  no build target found for C:\Users\LENOVO\FPFC\src\main\scala\Recursion\package.scala. Using presentation compiler with project's scala-library version: 3.3.3
2024.09.01 17:35:07 INFO  no build target found for C:\Users\LENOVO\FPFC\src\main\scala\Recursion\package.scala. Using presentation compiler with project's scala-library version: 3.3.3
2024.09.01 17:35:09 INFO  no build target found for C:\Users\LENOVO\FPFC\src\main\scala\Recursion\package.scala. Using presentation compiler with project's scala-library version: 3.3.3
2024.09.01 17:35:09 INFO  no build target found for C:\Users\LENOVO\FPFC\src\main\scala\Recursion\package.scala. Using presentation compiler with project's scala-library version: 3.3.3
2024.09.01 17:35:10 INFO  no build target found for C:\Users\LENOVO\FPFC\src\main\scala\Recursion\package.scala. Using presentation compiler with project's scala-library version: 3.3.3
2024.09.01 17:35:10 INFO  no build target found for C:\Users\LENOVO\FPFC\src\main\scala\Recursion\package.scala. Using presentation compiler with project's scala-library version: 3.3.3
2024.09.01 17:35:11 INFO  no build target found for C:\Users\LENOVO\FPFC\src\main\scala\Recursion\package.scala. Using presentation compiler with project's scala-library version: 3.3.3
2024.09.01 17:35:11 INFO  no build target found for C:\Users\LENOVO\FPFC\src\main\scala\Recursion\package.scala. Using presentation compiler with project's scala-library version: 3.3.3
2024.09.01 17:35:12 INFO  no build target found for C:\Users\LENOVO\FPFC\src\main\scala\Recursion\package.scala. Using presentation compiler with project's scala-library version: 3.3.3
2024.09.01 17:35:11 INFO  no build target found for C:\Users\LENOVO\FPFC\src\main\scala\Recursion\package.scala. Using presentation compiler with project's scala-library version: 3.3.3
2024.09.01 17:35:13 INFO  no build target found for C:\Users\LENOVO\FPFC\src\main\scala\Recursion\package.scala. Using presentation compiler with project's scala-library version: 3.3.3
2024.09.01 17:35:13 INFO  no build target found for C:\Users\LENOVO\FPFC\src\main\scala\Recursion\package.scala. Using presentation compiler with project's scala-library version: 3.3.3
2024.09.01 17:35:13 INFO  no build target found for C:\Users\LENOVO\FPFC\src\main\scala\Recursion\package.scala. Using presentation compiler with project's scala-library version: 3.3.3
sep. 01, 2024 5:35:14 P. M. org.eclipse.lsp4j.jsonrpc.RemoteEndpoint handleCancellation
ADVERTENCIA: Unmatched cancel notification for request id 292
2024.09.01 17:35:14 INFO  no build target found for C:\Users\LENOVO\FPFC\src\main\scala\Recursion\package.scala. Using presentation compiler with project's scala-library version: 3.3.3
2024.09.01 17:35:14 INFO  no build target found for C:\Users\LENOVO\FPFC\src\main\scala\Recursion\package.scala. Using presentation compiler with project's scala-library version: 3.3.3
2024.09.01 17:35:14 INFO  no build target found for C:\Users\LENOVO\FPFC\src\main\scala\Recursion\package.scala. Using presentation compiler with project's scala-library version: 3.3.3
2024.09.01 17:35:15 INFO  no build target found for C:\Users\LENOVO\FPFC\src\main\scala\Recursion\package.scala. Using presentation compiler with project's scala-library version: 3.3.3
2024.09.01 17:35:15 INFO  no build target found for C:\Users\LENOVO\FPFC\src\main\scala\Recursion\package.scala. Using presentation compiler with project's scala-library version: 3.3.3
2024.09.01 17:35:16 INFO  no build target found for C:\Users\LENOVO\FPFC\src\main\scala\Recursion\package.scala. Using presentation compiler with project's scala-library version: 3.3.3
sep. 01, 2024 5:35:17 P. M. org.eclipse.lsp4j.jsonrpc.RemoteEndpoint handleCancellation
ADVERTENCIA: Unmatched cancel notification for request id 317
2024.09.01 17:35:16 INFO  no build target found for C:\Users\LENOVO\FPFC\src\main\scala\Recursion\package.scala. Using presentation compiler with project's scala-library version: 3.3.3
2024.09.01 17:35:17 INFO  no build target found for C:\Users\LENOVO\FPFC\src\main\scala\Recursion\package.scala. Using presentation compiler with project's scala-library version: 3.3.3
sep. 01, 2024 5:35:17 P. M. org.eclipse.lsp4j.jsonrpc.RemoteEndpoint handleCancellation
ADVERTENCIA: Unmatched cancel notification for request id 319
sep. 01, 2024 5:35:17 P. M. org.eclipse.lsp4j.jsonrpc.RemoteEndpoint handleCancellation
ADVERTENCIA: Unmatched cancel notification for request id 324
2024.09.01 17:35:16 INFO  no build target found for C:\Users\LENOVO\FPFC\src\main\scala\Recursion\package.scala. Using presentation compiler with project's scala-library version: 3.3.3
2024.09.01 17:35:17 INFO  no build target found for C:\Users\LENOVO\FPFC\src\main\scala\Recursion\package.scala. Using presentation compiler with project's scala-library version: 3.3.3
sep. 01, 2024 5:35:18 P. M. org.eclipse.lsp4j.jsonrpc.RemoteEndpoint handleCancellation
ADVERTENCIA: Unmatched cancel notification for request id 327
2024.09.01 17:35:18 INFO  no build target found for C:\Users\LENOVO\FPFC\src\main\scala\Recursion\package.scala. Using presentation compiler with project's scala-library version: 3.3.3
sep. 01, 2024 5:35:18 P. M. org.eclipse.lsp4j.jsonrpc.RemoteEndpoint handleCancellation
ADVERTENCIA: Unmatched cancel notification for request id 330
2024.09.01 17:35:18 INFO  no build target found for C:\Users\LENOVO\FPFC\src\main\scala\Recursion\package.scala. Using presentation compiler with project's scala-library version: 3.3.3
2024.09.01 17:35:18 INFO  no build target found for C:\Users\LENOVO\FPFC\src\main\scala\Recursion\package.scala. Using presentation compiler with project's scala-library version: 3.3.3
sep. 01, 2024 5:35:18 P. M. org.eclipse.lsp4j.jsonrpc.RemoteEndpoint handleCancellation
ADVERTENCIA: Unmatched cancel notification for request id 334
2024.09.01 17:35:19 INFO  no build target found for C:\Users\LENOVO\FPFC\src\main\scala\Recursion\package.scala. Using presentation compiler with project's scala-library version: 3.3.3
2024.09.01 17:35:19 INFO  no build target found for C:\Users\LENOVO\FPFC\src\main\scala\Recursion\package.scala. Using presentation compiler with project's scala-library version: 3.3.3
2024.09.01 17:35:19 INFO  no build target found for C:\Users\LENOVO\FPFC\src\main\scala\Recursion\package.scala. Using presentation compiler with project's scala-library version: 3.3.3
2024.09.01 17:35:19 INFO  no build target found for C:\Users\LENOVO\FPFC\src\main\scala\Recursion\package.scala. Using presentation compiler with project's scala-library version: 3.3.3
2024.09.01 17:35:20 INFO  no build target found for C:\Users\LENOVO\FPFC\src\main\scala\Recursion\package.scala. Using presentation compiler with project's scala-library version: 3.3.3
2024.09.01 17:35:19 INFO  no build target found for C:\Users\LENOVO\FPFC\src\main\scala\Recursion\package.scala. Using presentation compiler with project's scala-library version: 3.3.3
2024.09.01 17:35:20 INFO  no build target found for C:\Users\LENOVO\FPFC\src\main\scala\Recursion\package.scala. Using presentation compiler with project's scala-library version: 3.3.3
2024.09.01 17:35:25 INFO  no build target found for C:\Users\LENOVO\FPFC\src\main\scala\Recursion\package.scala. Using presentation compiler with project's scala-library version: 3.3.3
2024.09.01 17:35:25 INFO  no build target found for C:\Users\LENOVO\FPFC\src\main\scala\Recursion\package.scala. Using presentation compiler with project's scala-library version: 3.3.3
2024.09.01 17:35:25 INFO  no build target found for C:\Users\LENOVO\FPFC\src\main\scala\Recursion\package.scala. Using presentation compiler with project's scala-library version: 3.3.3
2024.09.01 17:35:26 INFO  no build target found for C:\Users\LENOVO\FPFC\src\main\scala\Recursion\package.scala. Using presentation compiler with project's scala-library version: 3.3.3
2024.09.01 17:35:26 INFO  no build target found for C:\Users\LENOVO\FPFC\src\main\scala\Recursion\package.scala. Using presentation compiler with project's scala-library version: 3.3.3
2024.09.01 17:35:26 INFO  no build target found for C:\Users\LENOVO\FPFC\src\main\scala\Recursion\package.scala. Using presentation compiler with project's scala-library version: 3.3.3
2024.09.01 17:35:27 INFO  no build target found for C:\Users\LENOVO\FPFC\src\main\scala\Recursion\package.scala. Using presentation compiler with project's scala-library version: 3.3.3
2024.09.01 17:35:27 INFO  no build target found for C:\Users\LENOVO\FPFC\src\main\scala\Recursion\package.scala. Using presentation compiler with project's scala-library version: 3.3.3
2024.09.01 17:35:29 INFO  no build target found for C:\Users\LENOVO\FPFC\src\main\scala\Recursion\package.scala. Using presentation compiler with project's scala-library version: 3.3.3
2024.09.01 17:35:29 INFO  no build target found for C:\Users\LENOVO\FPFC\src\main\scala\Recursion\package.scala. Using presentation compiler with project's scala-library version: 3.3.3
2024.09.01 17:35:29 INFO  no build target found for C:\Users\LENOVO\FPFC\src\main\scala\Recursion\package.scala. Using presentation compiler with project's scala-library version: 3.3.3
2024.09.01 17:35:30 INFO  no build target found for C:\Users\LENOVO\FPFC\src\main\scala\Recursion\package.scala. Using presentation compiler with project's scala-library version: 3.3.3
2024.09.01 17:35:29 INFO  no build target found for C:\Users\LENOVO\FPFC\src\main\scala\Recursion\package.scala. Using presentation compiler with project's scala-library version: 3.3.3
sep. 01, 2024 5:35:30 P. M. org.eclipse.lsp4j.jsonrpc.RemoteEndpoint handleCancellation
ADVERTENCIA: Unmatched cancel notification for request id 395
2024.09.01 17:35:30 INFO  no build target found for C:\Users\LENOVO\FPFC\src\main\scala\Recursion\package.scala. Using presentation compiler with project's scala-library version: 3.3.3
2024.09.01 17:35:34 INFO  no build target found for C:\Users\LENOVO\FPFC\src\main\scala\Recursion\package.scala. Using presentation compiler with project's scala-library version: 3.3.3
2024.09.01 17:35:34 INFO  no build target found for C:\Users\LENOVO\FPFC\src\main\scala\Recursion\package.scala. Using presentation compiler with project's scala-library version: 3.3.3
2024.09.01 17:35:37 INFO  no build target found for C:\Users\LENOVO\FPFC\src\main\scala\Recursion\package.scala. Using presentation compiler with project's scala-library version: 3.3.3
2024.09.01 17:35:37 INFO  no build target found for C:\Users\LENOVO\FPFC\src\main\scala\Recursion\package.scala. Using presentation compiler with project's scala-library version: 3.3.3
2024.09.01 17:35:37 INFO  no build target found for C:\Users\LENOVO\FPFC\src\main\scala\Recursion\package.scala. Using presentation compiler with project's scala-library version: 3.3.3
2024.09.01 17:35:38 INFO  no build target found for C:\Users\LENOVO\FPFC\src\main\scala\Recursion\package.scala. Using presentation compiler with project's scala-library version: 3.3.3
2024.09.01 17:35:42 INFO  no build target found for C:\Users\LENOVO\FPFC\src\main\scala\Recursion\package.scala. Using presentation compiler with project's scala-library version: 3.3.3
2024.09.01 17:35:44 INFO  no build target found for C:\Users\LENOVO\FPFC\src\main\scala\Recursion\package.scala. Using presentation compiler with project's scala-library version: 3.3.3
2024.09.01 17:35:44 INFO  no build target found for C:\Users\LENOVO\FPFC\src\main\scala\Recursion\package.scala. Using presentation compiler with project's scala-library version: 3.3.3
2024.09.01 17:36:04 INFO  no build target found for C:\Users\LENOVO\FPFC\src\main\scala\Recursion\package.scala. Using presentation compiler with project's scala-library version: 3.3.3
2024.09.01 17:36:04 INFO  no build target found for C:\Users\LENOVO\FPFC\src\main\scala\Recursion\package.scala. Using presentation compiler with project's scala-library version: 3.3.3
2024.09.01 17:38:12 INFO  no build target found for C:\Users\LENOVO\FPFC\src\main\scala\Recursion\package.scala. Using presentation compiler with project's scala-library version: 3.3.3
2024.09.01 17:38:12 INFO  no build target found for C:\Users\LENOVO\FPFC\src\main\scala\Recursion\package.scala. Using presentation compiler with project's scala-library version: 3.3.3
2024.09.02 20:11:40 INFO  no build target found for C:\Users\LENOVO\FPFC\src\main\scala\Recursion\package.scala. Using presentation compiler with project's scala-library version: 3.3.3
2024.09.02 20:12:38 INFO  no build target found for C:\Users\LENOVO\FPFC\src\main\scala\Recursion\package.scala. Using presentation compiler with project's scala-library version: 3.3.3
2024.09.02 20:14:14 INFO  no build target found for C:\Users\LENOVO\FPFC\src\main\scala\Recursion\package.scala. Using presentation compiler with project's scala-library version: 3.3.3
sep. 02, 2024 8:14:14 P. M. org.eclipse.lsp4j.jsonrpc.RemoteEndpoint handleCancellation
ADVERTENCIA: Unmatched cancel notification for request id 492
2024.09.02 20:14:14 INFO  no build target found for C:\Users\LENOVO\FPFC\src\main\scala\Recursion\package.scala. Using presentation compiler with project's scala-library version: 3.3.3
2024.09.02 20:14:15 INFO  no build target found for C:\Users\LENOVO\FPFC\src\main\scala\Recursion\package.scala. Using presentation compiler with project's scala-library version: 3.3.3
2024.09.02 20:14:15 INFO  no build target found for C:\Users\LENOVO\FPFC\src\main\scala\Recursion\package.scala. Using presentation compiler with project's scala-library version: 3.3.3
2024.09.02 20:14:15 INFO  no build target found for C:\Users\LENOVO\FPFC\src\main\scala\Recursion\package.scala. Using presentation compiler with project's scala-library version: 3.3.3
sep. 02, 2024 8:14:16 P. M. org.eclipse.lsp4j.jsonrpc.RemoteEndpoint handleCancellation
ADVERTENCIA: Unmatched cancel notification for request id 499
sep. 02, 2024 8:14:16 P. M. org.eclipse.lsp4j.jsonrpc.RemoteEndpoint handleCancellation
ADVERTENCIA: Unmatched cancel notification for request id 502
2024.09.02 20:14:15 INFO  no build target found for C:\Users\LENOVO\FPFC\src\main\scala\Recursion\package.scala. Using presentation compiler with project's scala-library version: 3.3.3
sep. 02, 2024 8:14:16 P. M. org.eclipse.lsp4j.jsonrpc.RemoteEndpoint handleCancellation
ADVERTENCIA: Unmatched cancel notification for request id 504
2024.09.02 20:14:16 INFO  no build target found for C:\Users\LENOVO\FPFC\src\main\scala\Recursion\package.scala. Using presentation compiler with project's scala-library version: 3.3.3
2024.09.02 20:14:20 INFO  no build target found for C:\Users\LENOVO\FPFC\src\main\scala\Recursion\package.scala. Using presentation compiler with project's scala-library version: 3.3.3
2024.09.02 21:57:15 INFO  Shutting down server
2024.09.02 21:57:15 INFO  shutting down Metals
2024.09.02 21:57:15 INFO  Exiting server
2024.09.02 21:57:16 ERROR Unexpected error initializing server: 
org.eclipse.lsp4j.jsonrpc.ResponseErrorException: Request window/showMessageRequest failed with message: Canceled
	at org.eclipse.lsp4j.jsonrpc.RemoteEndpoint.handleResponse(RemoteEndpoint.java:220)
	at org.eclipse.lsp4j.jsonrpc.RemoteEndpoint.consume(RemoteEndpoint.java:204)
	at org.eclipse.lsp4j.jsonrpc.json.StreamMessageProducer.handleMessage(StreamMessageProducer.java:185)
	at org.eclipse.lsp4j.jsonrpc.json.StreamMessageProducer.listen(StreamMessageProducer.java:97)
	at org.eclipse.lsp4j.jsonrpc.json.ConcurrentMessageProcessor.run(ConcurrentMessageProcessor.java:114)
	at java.util.concurrent.Executors$RunnableAdapter.call(Executors.java:539)
	at java.util.concurrent.FutureTask.run(FutureTask.java:264)
	at java.util.concurrent.ThreadPoolExecutor.runWorker(ThreadPoolExecutor.java:1136)
	at java.util.concurrent.ThreadPoolExecutor$Worker.run(ThreadPoolExecutor.java:635)
	at java.lang.Thread.run(Thread.java:833)

2024.09.03 21:26:41 INFO  Started: Metals version 1.3.5 in folders 'C:\Users\LENOVO\FPFC' for client Visual Studio Code 1.92.2.
SLF4J(W): Class path contains multiple SLF4J providers.
SLF4J(W): Found provider [scribe.slf4j.ScribeServiceProvider@7d2dc052]
SLF4J(W): Found provider [ch.qos.logback.classic.spi.LogbackServiceProvider@55f86909]
SLF4J(W): See https://www.slf4j.org/codes.html#multiple_bindings for an explanation.
SLF4J(I): Actual provider is of type [scribe.slf4j.ScribeServiceProvider@7d2dc052]
2024.09.03 21:26:43 WARN  Flyway upgrade recommended: H2 2.3.230 is newer than this version of Flyway and support has not been tested. The latest supported version of H2 is 2.2.220.
2024.09.03 21:26:47 INFO  no build target found for C:\Users\LENOVO\FPFC\src\main\scala\Recursion\package.scala. Using presentation compiler with project's scala-library version: 3.3.3
2024.09.03 21:28:13 INFO  no build target found for C:\Users\LENOVO\FPFC\src\main\scala\Recursion\package.scala. Using presentation compiler with project's scala-library version: 3.3.3
2024.09.03 21:28:14 INFO  time: code lens generation in 1.33s
2024.09.03 21:28:14 INFO  time: code lens generation in 1.33s
2024.09.03 21:30:06 INFO  no build target found for C:\Users\LENOVO\FPFC\src\main\scala\Recursion\package.scala. Using presentation compiler with project's scala-library version: 3.3.3
2024.09.03 21:30:06 INFO  no build target found for C:\Users\LENOVO\FPFC\src\main\scala\Recursion\package.scala. Using presentation compiler with project's scala-library version: 3.3.3
2024.09.03 21:30:06 INFO  no build target found for C:\Users\LENOVO\FPFC\src\main\scala\Recursion\package.scala. Using presentation compiler with project's scala-library version: 3.3.3
2024.09.03 21:30:08 INFO  no build target found for C:\Users\LENOVO\FPFC\src\main\scala\Recursion\package.scala. Using presentation compiler with project's scala-library version: 3.3.3
2024.09.03 21:30:08 INFO  no build target found for C:\Users\LENOVO\FPFC\src\main\scala\Recursion\package.scala. Using presentation compiler with project's scala-library version: 3.3.3
2024.09.03 21:30:08 INFO  no build target found for C:\Users\LENOVO\FPFC\src\main\scala\Recursion\package.scala. Using presentation compiler with project's scala-library version: 3.3.3
2024.09.03 21:30:10 INFO  no build target found for C:\Users\LENOVO\FPFC\src\main\scala\Recursion\package.scala. Using presentation compiler with project's scala-library version: 3.3.3
2024.09.03 21:30:13 INFO  no build target found for C:\Users\LENOVO\FPFC\src\main\scala\Recursion\package.scala. Using presentation compiler with project's scala-library version: 3.3.3
2024.09.03 21:30:15 INFO  no build target found for C:\Users\LENOVO\FPFC\src\main\scala\Recursion\package.scala. Using presentation compiler with project's scala-library version: 3.3.3
2024.09.03 21:30:33 INFO  no build target found for C:\Users\LENOVO\FPFC\src\main\scala\Recursion\package.scala. Using presentation compiler with project's scala-library version: 3.3.3
2024.09.03 21:30:48 INFO  no build target found for C:\Users\LENOVO\FPFC\src\test\scala\tests.sc. Using presentation compiler with project's scala-library version: 3.3.3
sep. 03, 2024 9:30:48 P. M. org.eclipse.lsp4j.jsonrpc.RemoteEndpoint handleCancellation
ADVERTENCIA: Unmatched cancel notification for request id 28
2024.09.03 21:30:48 INFO  no build target found for C:\Users\LENOVO\FPFC\src\test\scala\tests.sc. Using presentation compiler with project's scala-library version: 3.3.3
2024.09.03 21:30:48 INFO  no build target found for C:\Users\LENOVO\FPFC\src\test\scala\tests.sc. Using presentation compiler with project's scala-library version: 3.3.3
2024.09.03 21:31:35 INFO  no build target found for C:\Users\LENOVO\FPFC\src\test\scala\tests.sc. Using presentation compiler with project's scala-library version: 3.3.3
2024.09.03 21:31:36 INFO  no build target found for C:\Users\LENOVO\FPFC\src\test\scala\tests.sc. Using presentation compiler with project's scala-library version: 3.3.3
2024.09.03 21:31:35 INFO  no build target found for C:\Users\LENOVO\FPFC\src\test\scala\tests.sc. Using presentation compiler with project's scala-library version: 3.3.3
2024.09.03 21:31:36 INFO  no build target found for C:\Users\LENOVO\FPFC\src\test\scala\tests.sc. Using presentation compiler with project's scala-library version: 3.3.3
2024.09.03 21:31:36 INFO  no build target found for C:\Users\LENOVO\FPFC\src\test\scala\tests.sc. Using presentation compiler with project's scala-library version: 3.3.3
2024.09.03 21:31:39 INFO  no build target found for C:\Users\LENOVO\FPFC\src\test\scala\tests.sc. Using presentation compiler with project's scala-library version: 3.3.3
2024.09.03 21:31:39 INFO  no build target found for C:\Users\LENOVO\FPFC\src\test\scala\tests.sc. Using presentation compiler with project's scala-library version: 3.3.3
2024.09.03 21:31:39 INFO  no build target found for C:\Users\LENOVO\FPFC\src\test\scala\tests.sc. Using presentation compiler with project's scala-library version: 3.3.3
2024.09.03 21:31:39 INFO  no build target found for C:\Users\LENOVO\FPFC\src\test\scala\tests.sc. Using presentation compiler with project's scala-library version: 3.3.3
2024.09.03 21:31:39 INFO  no build target found for C:\Users\LENOVO\FPFC\src\test\scala\tests.sc. Using presentation compiler with project's scala-library version: 3.3.3
sep. 03, 2024 9:31:40 P. M. org.eclipse.lsp4j.jsonrpc.RemoteEndpoint handleCancellation
ADVERTENCIA: Unmatched cancel notification for request id 55
2024.09.03 21:31:40 INFO  no build target found for C:\Users\LENOVO\FPFC\src\test\scala\tests.sc. Using presentation compiler with project's scala-library version: 3.3.3
2024.09.03 21:31:40 INFO  no build target found for C:\Users\LENOVO\FPFC\src\test\scala\tests.sc. Using presentation compiler with project's scala-library version: 3.3.3
2024.09.03 21:31:40 INFO  no build target found for C:\Users\LENOVO\FPFC\src\test\scala\tests.sc. Using presentation compiler with project's scala-library version: 3.3.3
2024.09.03 21:31:44 INFO  no build target found for C:\Users\LENOVO\FPFC\src\main\scala\Recursion\package.scala. Using presentation compiler with project's scala-library version: 3.3.3
2024.09.03 21:31:44 INFO  no build target found for C:\Users\LENOVO\FPFC\src\main\scala\Recursion\package.scala. Using presentation compiler with project's scala-library version: 3.3.3
sep. 03, 2024 9:31:44 P. M. org.eclipse.lsp4j.jsonrpc.RemoteEndpoint handleCancellation
ADVERTENCIA: Unmatched cancel notification for request id 77
2024.09.03 21:31:46 INFO  no build target found for C:\Users\LENOVO\FPFC\src\test\scala\tests.sc. Using presentation compiler with project's scala-library version: 3.3.3
2024.09.03 21:31:47 INFO  no build target found for C:\Users\LENOVO\FPFC\src\test\scala\tests.sc. Using presentation compiler with project's scala-library version: 3.3.3
2024.09.03 21:31:47 INFO  no build target found for C:\Users\LENOVO\FPFC\src\test\scala\tests.sc. Using presentation compiler with project's scala-library version: 3.3.3
2024.09.03 21:31:47 INFO  no build target found for C:\Users\LENOVO\FPFC\src\test\scala\tests.sc. Using presentation compiler with project's scala-library version: 3.3.3
2024.09.03 21:31:48 INFO  no build target found for C:\Users\LENOVO\FPFC\src\test\scala\tests.sc. Using presentation compiler with project's scala-library version: 3.3.3
2024.09.03 21:31:47 INFO  no build target found for C:\Users\LENOVO\FPFC\src\test\scala\tests.sc. Using presentation compiler with project's scala-library version: 3.3.3
2024.09.03 21:31:48 INFO  no build target found for C:\Users\LENOVO\FPFC\src\test\scala\tests.sc. Using presentation compiler with project's scala-library version: 3.3.3
sep. 03, 2024 9:31:48 P. M. org.eclipse.lsp4j.jsonrpc.RemoteEndpoint handleCancellation
ADVERTENCIA: Unmatched cancel notification for request id 89
sep. 03, 2024 9:31:48 P. M. org.eclipse.lsp4j.jsonrpc.RemoteEndpoint handleCancellation
ADVERTENCIA: Unmatched cancel notification for request id 93
2024.09.03 21:31:47 INFO  no build target found for C:\Users\LENOVO\FPFC\src\test\scala\tests.sc. Using presentation compiler with project's scala-library version: 3.3.3
2024.09.03 21:31:47 INFO  no build target found for C:\Users\LENOVO\FPFC\src\test\scala\tests.sc. Using presentation compiler with project's scala-library version: 3.3.3
2024.09.03 21:31:48 INFO  no build target found for C:\Users\LENOVO\FPFC\src\test\scala\tests.sc. Using presentation compiler with project's scala-library version: 3.3.3
2024.09.03 21:31:48 INFO  no build target found for C:\Users\LENOVO\FPFC\src\test\scala\tests.sc. Using presentation compiler with project's scala-library version: 3.3.3
2024.09.03 21:31:48 INFO  no build target found for C:\Users\LENOVO\FPFC\src\test\scala\tests.sc. Using presentation compiler with project's scala-library version: 3.3.3
2024.09.03 21:31:48 INFO  no build target found for C:\Users\LENOVO\FPFC\src\test\scala\tests.sc. Using presentation compiler with project's scala-library version: 3.3.3
2024.09.03 21:31:48 INFO  no build target found for C:\Users\LENOVO\FPFC\src\test\scala\tests.sc. Using presentation compiler with project's scala-library version: 3.3.3
2024.09.03 21:31:48 INFO  no build target found for C:\Users\LENOVO\FPFC\src\test\scala\tests.sc. Using presentation compiler with project's scala-library version: 3.3.3
sep. 03, 2024 9:31:49 P. M. org.eclipse.lsp4j.jsonrpc.RemoteEndpoint handleCancellation
ADVERTENCIA: Unmatched cancel notification for request id 99
2024.09.03 21:31:48 INFO  no build target found for C:\Users\LENOVO\FPFC\src\test\scala\tests.sc. Using presentation compiler with project's scala-library version: 3.3.3
2024.09.03 21:31:49 INFO  no build target found for C:\Users\LENOVO\FPFC\src\test\scala\tests.sc. Using presentation compiler with project's scala-library version: 3.3.3
2024.09.03 21:31:49 INFO  no build target found for C:\Users\LENOVO\FPFC\src\test\scala\tests.sc. Using presentation compiler with project's scala-library version: 3.3.3
2024.09.03 21:31:52 INFO  no build target found for C:\Users\LENOVO\FPFC\src\test\scala\tests.sc. Using presentation compiler with project's scala-library version: 3.3.3
2024.09.03 21:31:52 INFO  no build target found for C:\Users\LENOVO\FPFC\src\test\scala\tests.sc. Using presentation compiler with project's scala-library version: 3.3.3
2024.09.03 21:31:52 INFO  no build target found for C:\Users\LENOVO\FPFC\src\test\scala\tests.sc. Using presentation compiler with project's scala-library version: 3.3.3
2024.09.03 21:31:55 INFO  no build target found for C:\Users\LENOVO\FPFC\src\test\scala\tests.sc. Using presentation compiler with project's scala-library version: 3.3.3
2024.09.03 21:31:55 INFO  no build target found for C:\Users\LENOVO\FPFC\src\test\scala\tests.sc. Using presentation compiler with project's scala-library version: 3.3.3
2024.09.03 21:31:55 INFO  no build target found for C:\Users\LENOVO\FPFC\src\test\scala\tests.sc. Using presentation compiler with project's scala-library version: 3.3.3
2024.09.03 21:31:55 INFO  no build target found for C:\Users\LENOVO\FPFC\src\test\scala\tests.sc. Using presentation compiler with project's scala-library version: 3.3.3
2024.09.03 21:31:58 INFO  no build target found for C:\Users\LENOVO\FPFC\src\test\scala\tests.sc. Using presentation compiler with project's scala-library version: 3.3.3
2024.09.03 21:31:58 INFO  no build target found for C:\Users\LENOVO\FPFC\src\test\scala\tests.sc. Using presentation compiler with project's scala-library version: 3.3.3
2024.09.03 21:31:58 INFO  no build target found for C:\Users\LENOVO\FPFC\src\test\scala\tests.sc. Using presentation compiler with project's scala-library version: 3.3.3
2024.09.03 21:32:01 INFO  no build target found for C:\Users\LENOVO\FPFC\src\test\scala\tests.sc. Using presentation compiler with project's scala-library version: 3.3.3
2024.09.03 21:32:01 INFO  no build target found for C:\Users\LENOVO\FPFC\src\test\scala\tests.sc. Using presentation compiler with project's scala-library version: 3.3.3
2024.09.03 21:32:01 INFO  no build target found for C:\Users\LENOVO\FPFC\src\test\scala\tests.sc. Using presentation compiler with project's scala-library version: 3.3.3
2024.09.03 21:32:01 INFO  no build target found for C:\Users\LENOVO\FPFC\src\test\scala\tests.sc. Using presentation compiler with project's scala-library version: 3.3.3
sep. 03, 2024 9:32:01 P. M. org.eclipse.lsp4j.jsonrpc.RemoteEndpoint handleCancellation
ADVERTENCIA: Unmatched cancel notification for request id 140
2024.09.03 21:32:01 INFO  no build target found for C:\Users\LENOVO\FPFC\src\test\scala\tests.sc. Using presentation compiler with project's scala-library version: 3.3.3
2024.09.03 21:32:03 INFO  no build target found for C:\Users\LENOVO\FPFC\src\test\scala\tests.sc. Using presentation compiler with project's scala-library version: 3.3.3
2024.09.03 21:32:03 INFO  no build target found for C:\Users\LENOVO\FPFC\src\test\scala\tests.sc. Using presentation compiler with project's scala-library version: 3.3.3
2024.09.03 21:32:03 INFO  no build target found for C:\Users\LENOVO\FPFC\src\test\scala\tests.sc. Using presentation compiler with project's scala-library version: 3.3.3
2024.09.03 21:32:03 INFO  no build target found for C:\Users\LENOVO\FPFC\src\test\scala\tests.sc. Using presentation compiler with project's scala-library version: 3.3.3
2024.09.03 21:32:03 INFO  no build target found for C:\Users\LENOVO\FPFC\src\test\scala\tests.sc. Using presentation compiler with project's scala-library version: 3.3.3
2024.09.03 21:32:03 INFO  no build target found for C:\Users\LENOVO\FPFC\src\test\scala\tests.sc. Using presentation compiler with project's scala-library version: 3.3.3
2024.09.03 21:32:03 INFO  no build target found for C:\Users\LENOVO\FPFC\src\test\scala\tests.sc. Using presentation compiler with project's scala-library version: 3.3.3
2024.09.03 21:32:03 INFO  no build target found for C:\Users\LENOVO\FPFC\src\test\scala\tests.sc. Using presentation compiler with project's scala-library version: 3.3.3
2024.09.03 21:32:03 INFO  no build target found for C:\Users\LENOVO\FPFC\src\test\scala\tests.sc. Using presentation compiler with project's scala-library version: 3.3.3
2024.09.03 21:32:04 INFO  no build target found for C:\Users\LENOVO\FPFC\src\test\scala\tests.sc. Using presentation compiler with project's scala-library version: 3.3.3
2024.09.03 21:32:04 INFO  no build target found for C:\Users\LENOVO\FPFC\src\test\scala\tests.sc. Using presentation compiler with project's scala-library version: 3.3.3
2024.09.03 21:32:06 INFO  no build target found for C:\Users\LENOVO\FPFC\src\test\scala\tests.sc. Using presentation compiler with project's scala-library version: 3.3.3
2024.09.03 21:32:06 INFO  no build target found for C:\Users\LENOVO\FPFC\src\test\scala\tests.sc. Using presentation compiler with project's scala-library version: 3.3.3
2024.09.03 21:32:06 INFO  no build target found for C:\Users\LENOVO\FPFC\src\test\scala\tests.sc. Using presentation compiler with project's scala-library version: 3.3.3
2024.09.03 21:32:07 INFO  no build target found for C:\Users\LENOVO\FPFC\src\test\scala\tests.sc. Using presentation compiler with project's scala-library version: 3.3.3
2024.09.03 21:32:07 INFO  no build target found for C:\Users\LENOVO\FPFC\src\test\scala\tests.sc. Using presentation compiler with project's scala-library version: 3.3.3
2024.09.03 21:32:07 INFO  no build target found for C:\Users\LENOVO\FPFC\src\test\scala\tests.sc. Using presentation compiler with project's scala-library version: 3.3.3
2024.09.03 21:32:07 INFO  no build target found for C:\Users\LENOVO\FPFC\src\test\scala\tests.sc. Using presentation compiler with project's scala-library version: 3.3.3
2024.09.03 21:32:08 INFO  no build target found for C:\Users\LENOVO\FPFC\src\test\scala\tests.sc. Using presentation compiler with project's scala-library version: 3.3.3
2024.09.03 21:32:07 INFO  no build target found for C:\Users\LENOVO\FPFC\src\test\scala\tests.sc. Using presentation compiler with project's scala-library version: 3.3.3
2024.09.03 21:32:09 INFO  no build target found for C:\Users\LENOVO\FPFC\src\test\scala\tests.sc. Using presentation compiler with project's scala-library version: 3.3.3
2024.09.03 21:32:09 INFO  no build target found for C:\Users\LENOVO\FPFC\src\test\scala\tests.sc. Using presentation compiler with project's scala-library version: 3.3.3
2024.09.03 21:32:09 INFO  no build target found for C:\Users\LENOVO\FPFC\src\test\scala\tests.sc. Using presentation compiler with project's scala-library version: 3.3.3
2024.09.03 21:32:09 INFO  no build target found for C:\Users\LENOVO\FPFC\src\test\scala\tests.sc. Using presentation compiler with project's scala-library version: 3.3.3
2024.09.03 21:32:11 INFO  no build target found for C:\Users\LENOVO\FPFC\src\test\scala\tests.sc. Using presentation compiler with project's scala-library version: 3.3.3
2024.09.03 21:32:11 INFO  no build target found for C:\Users\LENOVO\FPFC\src\test\scala\tests.sc. Using presentation compiler with project's scala-library version: 3.3.3
2024.09.03 21:32:11 INFO  no build target found for C:\Users\LENOVO\FPFC\src\test\scala\tests.sc. Using presentation compiler with project's scala-library version: 3.3.3
2024.09.03 21:32:12 INFO  no build target found for C:\Users\LENOVO\FPFC\src\test\scala\tests.sc. Using presentation compiler with project's scala-library version: 3.3.3
2024.09.03 21:32:12 INFO  no build target found for C:\Users\LENOVO\FPFC\src\test\scala\tests.sc. Using presentation compiler with project's scala-library version: 3.3.3
2024.09.03 21:32:12 INFO  no build target found for C:\Users\LENOVO\FPFC\src\test\scala\tests.sc. Using presentation compiler with project's scala-library version: 3.3.3
2024.09.03 21:32:12 INFO  no build target found for C:\Users\LENOVO\FPFC\src\test\scala\tests.sc. Using presentation compiler with project's scala-library version: 3.3.3
2024.09.03 21:32:13 INFO  no build target found for C:\Users\LENOVO\FPFC\src\test\scala\tests.sc. Using presentation compiler with project's scala-library version: 3.3.3
2024.09.03 21:32:13 INFO  no build target found for C:\Users\LENOVO\FPFC\src\test\scala\tests.sc. Using presentation compiler with project's scala-library version: 3.3.3
sep. 03, 2024 9:32:13 P. M. org.eclipse.lsp4j.jsonrpc.RemoteEndpoint handleCancellation
ADVERTENCIA: Unmatched cancel notification for request id 214
2024.09.03 21:32:12 INFO  no build target found for C:\Users\LENOVO\FPFC\src\test\scala\tests.sc. Using presentation compiler with project's scala-library version: 3.3.3
2024.09.03 21:32:13 INFO  no build target found for C:\Users\LENOVO\FPFC\src\test\scala\tests.sc. Using presentation compiler with project's scala-library version: 3.3.3
2024.09.03 21:32:13 INFO  no build target found for C:\Users\LENOVO\FPFC\src\test\scala\tests.sc. Using presentation compiler with project's scala-library version: 3.3.3
2024.09.03 21:32:13 INFO  no build target found for C:\Users\LENOVO\FPFC\src\test\scala\tests.sc. Using presentation compiler with project's scala-library version: 3.3.3
2024.09.03 21:32:13 INFO  no build target found for C:\Users\LENOVO\FPFC\src\test\scala\tests.sc. Using presentation compiler with project's scala-library version: 3.3.3
2024.09.03 21:32:13 INFO  no build target found for C:\Users\LENOVO\FPFC\src\test\scala\tests.sc. Using presentation compiler with project's scala-library version: 3.3.3
2024.09.03 21:32:14 INFO  no build target found for C:\Users\LENOVO\FPFC\src\test\scala\tests.sc. Using presentation compiler with project's scala-library version: 3.3.3
2024.09.03 21:32:14 INFO  no build target found for C:\Users\LENOVO\FPFC\src\test\scala\tests.sc. Using presentation compiler with project's scala-library version: 3.3.3
2024.09.03 21:32:14 INFO  no build target found for C:\Users\LENOVO\FPFC\src\test\scala\tests.sc. Using presentation compiler with project's scala-library version: 3.3.3
2024.09.03 21:32:14 INFO  no build target found for C:\Users\LENOVO\FPFC\src\test\scala\tests.sc. Using presentation compiler with project's scala-library version: 3.3.3
2024.09.03 21:32:15 INFO  no build target found for C:\Users\LENOVO\FPFC\src\test\scala\tests.sc. Using presentation compiler with project's scala-library version: 3.3.3
2024.09.03 21:32:20 INFO  no build target found for C:\Users\LENOVO\FPFC\src\test\scala\tests.sc. Using presentation compiler with project's scala-library version: 3.3.3
2024.09.03 21:32:20 INFO  no build target found for C:\Users\LENOVO\FPFC\src\test\scala\tests.sc. Using presentation compiler with project's scala-library version: 3.3.3
2024.09.03 21:32:20 INFO  no build target found for C:\Users\LENOVO\FPFC\src\test\scala\tests.sc. Using presentation compiler with project's scala-library version: 3.3.3
2024.09.03 21:32:37 INFO  no build target found for C:\Users\LENOVO\FPFC\src\test\scala\tests.sc. Using presentation compiler with project's scala-library version: 3.3.3
2024.09.03 21:33:41 INFO  no build target found for C:\Users\LENOVO\FPFC\src\test\scala\tests.sc. Using presentation compiler with project's scala-library version: 3.3.3
2024.09.03 21:33:42 INFO  no build target found for C:\Users\LENOVO\FPFC\src\main\scala\Recursion\package.scala. Using presentation compiler with project's scala-library version: 3.3.3
2024.09.03 21:33:42 INFO  no build target found for C:\Users\LENOVO\FPFC\src\main\scala\Recursion\package.scala. Using presentation compiler with project's scala-library version: 3.3.3
2024.09.03 21:33:43 INFO  no build target found for C:\Users\LENOVO\FPFC\src\main\scala\Recursion\package.scala. Using presentation compiler with project's scala-library version: 3.3.3
2024.09.04 00:05:19 INFO  no build target found for C:\Users\LENOVO\FPFC\src\main\scala\Recursion\package.scala. Using presentation compiler with project's scala-library version: 3.3.3
2024.09.04 00:05:19 INFO  no build target found for C:\Users\LENOVO\FPFC\src\main\scala\Recursion\package.scala. Using presentation compiler with project's scala-library version: 3.3.3
2024.09.04 00:05:19 INFO  no build target found for C:\Users\LENOVO\FPFC\src\main\scala\Recursion\package.scala. Using presentation compiler with project's scala-library version: 3.3.3
2024.09.04 00:22:03 INFO  no build target found for C:\Users\LENOVO\FPFC\src\test\scala\tests.sc. Using presentation compiler with project's scala-library version: 3.3.3
2024.09.04 00:22:03 INFO  no build target found for C:\Users\LENOVO\FPFC\src\test\scala\tests.sc. Using presentation compiler with project's scala-library version: 3.3.3
2024.09.04 00:22:06 INFO  Shutting down server
2024.09.04 00:22:06 INFO  shutting down Metals
2024.09.04 00:22:07 WARN  Error requesting Scala script import
org.eclipse.lsp4j.jsonrpc.ResponseErrorException: Request window/showMessageRequest failed with message: Canceled
	at org.eclipse.lsp4j.jsonrpc.RemoteEndpoint.handleResponse(RemoteEndpoint.java:220)
	at org.eclipse.lsp4j.jsonrpc.RemoteEndpoint.consume(RemoteEndpoint.java:204)
	at org.eclipse.lsp4j.jsonrpc.json.StreamMessageProducer.handleMessage(StreamMessageProducer.java:185)
	at org.eclipse.lsp4j.jsonrpc.json.StreamMessageProducer.listen(StreamMessageProducer.java:97)
	at org.eclipse.lsp4j.jsonrpc.json.ConcurrentMessageProcessor.run(ConcurrentMessageProcessor.java:114)
	at java.util.concurrent.Executors$RunnableAdapter.call(Executors.java:539)
	at java.util.concurrent.FutureTask.run(FutureTask.java:264)
	at java.util.concurrent.ThreadPoolExecutor.runWorker(ThreadPoolExecutor.java:1136)
	at java.util.concurrent.ThreadPoolExecutor$Worker.run(ThreadPoolExecutor.java:635)
	at java.lang.Thread.run(Thread.java:833)

2024.09.04 00:22:06 INFO  Exiting server
